<?xml version="1.0" encoding="UTF-8"?>
<!-- Generated by org.testng.reporters.JUnitReportReporter -->
<testsuite skipped="0" hostname="dell-PC" name="com.qa.hubspot.test.HomePageTest" tests="3" failures="0" timestamp="10 May 2020 09:42:13 GMT" time="2.518" errors="0">
  <testcase name="verifyHomePageTitleTest" time="2.324" classname="com.qa.hubspot.test.HomePageTest"/>
  <testcase name="verifyHomePageHeaderTest" time="0.146" classname="com.qa.hubspot.test.HomePageTest"/>
  <testcase name="verifyLoggedInUserAccountName" time="0.048" classname="com.qa.hubspot.test.HomePageTest"/>
</testsuite> <!-- com.qa.hubspot.test.HomePageTest -->
