<?xml version="1.0" encoding="UTF-8"?>
<!-- Generated by org.testng.reporters.JUnitReportReporter -->
<testsuite skipped="0" hostname="dell-PC" name="com.qa.hubspot.test.HomePageTest" tests="3" failures="0" timestamp="13 May 2020 19:27:58 GMT" time="0.707" errors="0">
  <testcase name="verifyHomePageTitleTest" time="0.032" classname="com.qa.hubspot.test.HomePageTest"/>
  <testcase name="verifyHomePageHeaderTest" time="0.632" classname="com.qa.hubspot.test.HomePageTest"/>
  <testcase name="verifyLoggedInUserAccountName" time="0.043" classname="com.qa.hubspot.test.HomePageTest"/>
</testsuite> <!-- com.qa.hubspot.test.HomePageTest -->
